<?xml version="1.0" encoding="UTF-8"?><testsuite errors="0" failures="1" name="How to automation login User app" skipped="0" tests="1" time="35.44" timestamp="2024-06-26 11:56:32"><testcase name=""><failure message="mssg: This password is incorrect – try again or use a verification link" type="java.lang.AssertionError">mssg: This password is incorrect – try again or use a verification link</failure><system-err>mssg: This password is incorrect – try again or use a verification link
steps.loginUserStep.validateViewBooking(loginUserStep.java:52)
definitions.loginUserDefinitions.validateBooking(loginUserDefinitions.java:53)
✽.visuality a validation booking(src/test/resources/features/loginUserGmail.feature:10)
</system-err></testcase></testsuite>