<?xml version="1.0" encoding="UTF-8"?><testsuite errors="0" failures="1" name="Automate User App register" skipped="0" tests="1" time="36.94" timestamp="2024-10-03 09:19:22"><testcase name="Register succesfully incorrect"><failure message="bug Register user" type="java.lang.AssertionError">bug Register user</failure><system-err>bug Register user
steps.createUserStep.validateUserRegister(createUserStep.java:31)
definitions.createUserDefinition.validateRegisterSuccessApp(createUserDefinition.java:27)
âœ½.the user should see success register(src/test/resources/features/registerUser.feature:19)
</system-err></testcase></testsuite>